  Running UnrealBuildTool: dotnet "..\..\Engine\Binaries\DotNET\UnrealBuildTool\UnrealBuildTool.dll" PacketPatrolEditor Win64 Development -Project="C:\Users\khemb\Desktop\PacketPatrol\PacketPatrol.uproject" -WaitMutex -FromMsBuild
  Log file: C:\Users\khemb\AppData\Local\UnrealBuildTool\Log.txt
  Creating makefile for PacketPatrolEditor (no existing makefile)
  Parsing headers for PacketPatrolEditor
    Running Internal UnrealHeaderTool C:\Users\khemb\Desktop\PacketPatrol\PacketPatrol.uproject C:\Users\khemb\Desktop\PacketPatrol\Intermediate\Build\Win64\PacketPatrolEditor\Development\PacketPatrolEditor.uhtmanifest -WarningsAsErrors -installed
  Total of 5 written
  Reflection code generated for PacketPatrolEditor in 2.5338696 seconds
  Building PacketPatrolEditor...
  Using Visual Studio 2022 14.35.32216 toolchain (C:\Program Files\Microsoft Visual Studio\2022\Community\VC\Tools\MSVC\14.35.32215) and Windows 10.0.22000.0 SDK (C:\Program Files (x86)\Windows Kits\10).
  Determining max actions to execute in parallel (8 physical cores, 16 logical cores)
    Executing up to 8 processes, one per physical core
  Building 11 actions with 8 processes...
  [1/11] Resource Default.rc2
  [2/11] Compile SharedPCH.Engine.ShadowErrors.cpp
  [3/11] Compile PacketPatrol.init.gen.cpp
  [4/11] Compile PacketPatrol.cpp
  [5/11] Compile PacketPatrolGameModeBase.gen.cpp
  [6/11] Compile PacketPatrolGameModeBase.cpp
  [7/11] Compile PacketSpawnComponent.gen.cpp
  [8/11] Compile PacketSpawnComponent.cpp
  [9/11] Link UnrealEditor-PacketPatrol.lib
     Creating library C:\Users\khemb\Desktop\PacketPatrol\Intermediate\Build\Win64\UnrealEditor\Development\PacketPatrol\UnrealEditor-PacketPatrol.lib and object C:\Users\khemb\Desktop\PacketPatrol\Intermediate\Build\Win64\UnrealEditor\Development\PacketPatrol\UnrealEditor-PacketPatrol.exp
  [10/11] Link UnrealEditor-PacketPatrol.dll
     Creating library C:\Users\khemb\Desktop\PacketPatrol\Intermediate\Build\Win64\UnrealEditor\Development\PacketPatrol\UnrealEditor-PacketPatrol.suppressed.lib and object C:\Users\khemb\Desktop\PacketPatrol\Intermediate\Build\Win64\UnrealEditor\Development\PacketPatrol\UnrealEditor-PacketPatrol.suppressed.exp
  [11/11] WriteMetadata PacketPatrolEditor.target
  Total time in Parallel executor: 41.17 seconds
  Total execution time: 46.57 seconds
